<?xml version="1.0" encoding="UTF-8"?>
<!-- Generated by org.testng.reporters.JUnitXMLReporter -->
<testsuite hostname="TIGER" ignored="0" name="Test" tests="1" failures="0" timestamp="23 Oct 2020 07:47:50 GMT" time="0.294" errors="0">
  <testcase name="@BeforeMethod precondition" time="0.173" classname="Generic.BaseTest">
    <failure type="java.lang.IllegalStateException" message="The driver executable does not exist: C:\Users\Adarsh R N\git\TestProject\Project_Maven\.\Drivers\chromedriver.exe">
      <![CDATA[java.lang.IllegalStateException: The driver executable does not exist: C:\Users\Adarsh R N\git\TestProject\Project_Maven\.\Drivers\chromedriver.exe
at com.google.common.base.Preconditions.checkState(Preconditions.java:585)
at org.openqa.selenium.remote.service.DriverService.checkExecutable(DriverService.java:146)
at org.openqa.selenium.remote.service.DriverService.findExecutable(DriverService.java:141)
at org.openqa.selenium.chrome.ChromeDriverService.access$000(ChromeDriverService.java:35)
at org.openqa.selenium.chrome.ChromeDriverService$Builder.findDefaultExecutable(ChromeDriverService.java:159)
at org.openqa.selenium.remote.service.DriverService$Builder.build(DriverService.java:355)
at org.openqa.selenium.chrome.ChromeDriverService.createDefaultService(ChromeDriverService.java:94)
at org.openqa.selenium.chrome.ChromeDriver.<init>(ChromeDriver.java:123)
at Generic.BaseTest.precondition(BaseTest.java:23)
... Removed 28 stack frames]]>
    </failure>
  </testcase> <!-- @BeforeMethod precondition -->
  <testcase name="@AfterMethod Postcondition" time="0.0" classname="Generic.BaseTest">
    <skipped/>
  </testcase> <!-- @AfterMethod Postcondition -->
  <testcase name="testA" time="0.0" classname="Test.Demo">
    <skipped/>
  </testcase> <!-- testA -->
</testsuite> <!-- Test -->
